<?xml version="1.0" encoding="UTF-8"?>
<!-- Generated by org.testng.reporters.JUnitReportReporter -->
<testsuite hostname="DESKTOP-4A2V0LK" failures="0" tests="1" name="MobileAuto.SwipeDemoClass" time="8.257" errors="0" timestamp="2024-03-16T20:06:08 IST" skipped="0">
  <testcase classname="MobileAuto.SwipeDemoClass" name="swipeActions" time="8.257"/>
</testsuite> <!-- MobileAuto.SwipeDemoClass -->
