<?xml version="1.0" encoding="UTF-8"?>
<!-- Generated by org.testng.reporters.JUnitReportReporter -->
<testsuite hostname="DESKTOP-4A2V0LK" failures="0" tests="1" name="EcommerceApp.Ecommerce_tc_4" time="31.752" errors="0" timestamp="2024-03-21T22:16:16 IST" skipped="0">
  <testcase classname="EcommerceApp.Ecommerce_tc_4" name="checkProductAmountDuringCheckout" time="31.752"/>
</testsuite> <!-- EcommerceApp.Ecommerce_tc_4 -->
