<?xml version="1.0" encoding="UTF-8"?>
<!-- Generated by org.testng.reporters.JUnitReportReporter -->
<testsuite hostname="DESKTOP-4A2V0LK" failures="0" tests="1" name="EcommerceApp.Ecommerce_tc_3" time="22.109" errors="0" timestamp="2024-03-20T12:07:35 IST" skipped="0">
  <testcase classname="EcommerceApp.Ecommerce_tc_3" name="checkProductAmountDuringCheckout" time="22.109"/>
</testsuite> <!-- EcommerceApp.Ecommerce_tc_3 -->
