<?xml version="1.0" encoding="UTF-8"?>
<!-- Generated by org.testng.reporters.JUnitReportReporter -->
<testsuite hostname="DESKTOP-4A2V0LK" failures="0" tests="1" name="MobileAuto.AppiumBasics2" time="15.638" errors="0" timestamp="2024-03-18T11:31:43 IST" skipped="0">
  <testcase classname="MobileAuto.AppiumBasics2" name="appiumTest" time="15.638"/>
</testsuite> <!-- MobileAuto.AppiumBasics2 -->
