<?xml version="1.0" encoding="UTF-8"?>
<!-- Generated by org.testng.reporters.JUnitReportReporter -->
<testsuite hostname="DESKTOP-4A2V0LK" failures="0" tests="1" name="MobileAuto.ScrollBarClass" time="30.957" errors="0" timestamp="2024-03-16T17:42:09 IST" skipped="0">
  <testcase classname="MobileAuto.ScrollBarClass" name="scrollBarActions" time="30.957"/>
</testsuite> <!-- MobileAuto.ScrollBarClass -->
