<?xml version="1.0" encoding="UTF-8"?>
<!-- Generated by org.testng.reporters.JUnitReportReporter -->
<testsuite hostname="DESKTOP-4A2V0LK" failures="0" tests="1" name="MobileBrowserTest.BrowserTest" time="6.633" errors="0" timestamp="2024-03-22T15:46:14 IST" skipped="0">
  <testcase classname="MobileBrowserTest.BrowserTest" name="openGoogle" time="6.633"/>
</testsuite> <!-- MobileBrowserTest.BrowserTest -->
