<?xml version="1.0" encoding="UTF-8"?>
<!-- Generated by org.testng.reporters.JUnitReportReporter -->
<testsuite hostname="DESKTOP-4A2V0LK" failures="0" tests="1" name="MobileAuto.DragNDropClass" time="9.512" errors="0" timestamp="2024-03-18T10:58:39 IST" skipped="0">
  <testcase classname="MobileAuto.DragNDropClass" name="dragActions" time="9.512"/>
</testsuite> <!-- MobileAuto.DragNDropClass -->
