<?xml version="1.0" encoding="UTF-8"?>
<!-- Generated by org.testng.reporters.JUnitReportReporter -->
<testsuite hostname="DESKTOP-4A2V0LK" failures="0" tests="1" name="MobileAuto.AppiumBasicsWithAP" time="3.177" errors="0" timestamp="2024-03-18T12:12:17 IST" skipped="0">
  <testcase classname="MobileAuto.AppiumBasicsWithAP" name="appiumTest" time="3.177"/>
</testsuite> <!-- MobileAuto.AppiumBasicsWithAP -->
