<?xml version="1.0" encoding="UTF-8"?>
<!-- Generated by org.testng.reporters.JUnitReportReporter -->
<testsuite hostname="DESKTOP-4A2V0LK" failures="0" tests="1" name="MobileAuto.LongPressClass" time="8.897" errors="0" timestamp="2024-03-15T20:25:55 IST" skipped="0">
  <testcase classname="MobileAuto.LongPressClass" name="longPressButton" time="8.897"/>
</testsuite> <!-- MobileAuto.LongPressClass -->
