<?xml version="1.0" encoding="UTF-8"?>
<!-- Generated by org.testng.reporters.JUnitReportReporter -->
<testsuite hostname="DESKTOP-4A2V0LK" failures="0" tests="1" name="EcommerceApp.Ecommerce_tc_2" time="15.988" errors="0" timestamp="2024-03-20T11:54:07 IST" skipped="0">
  <testcase classname="EcommerceApp.Ecommerce_tc_2" name="checkProductAmountDuringCheckout" time="15.988"/>
</testsuite> <!-- EcommerceApp.Ecommerce_tc_2 -->
